<?xml version="1.0" encoding="UTF-8"?>
<!-- Generated by org.testng.reporters.JUnitReportReporter -->
<testsuite hostname="DESKTOP-1G909R3" failures="0" tests="1" name="skills.SampleTestCase" time="4.642" errors="0" timestamp="2022-03-02T19:05:46 IST" skipped="0">
  <testcase classname="skills.SampleTestCase" name="sample" time="4.642"/>
  <system-out/>
</testsuite> <!-- skills.SampleTestCase -->
